Jun 09 02:42:58 kali sshd[4514]: Server listening on 0.0.0.0 port 22.
Jun 09 02:42:58 kali sshd[4514]: Server listening on :: port 22.
Jun 09 02:50:45 kali sshd[5387]: Invalid user invaliduser from ::1 port 35002
Jun 09 03:01:35 kali sshd[7514]: Invalid user invaliduser from ::1 port 39346
Jun 09 03:01:38 kali sshd[7514]: pam_unix(sshd:auth): check pass; user unknown
Jun 09 03:01:38 kali sshd[7514]: pam_unix(sshd:auth): authentication failure; logname= uid=0 euid=0 tty=ssh ruser= rhost=::1
Jun 09 03:01:40 kali sshd[7514]: Failed password for invalid user invaliduser from ::1 port 39346 ssh2
Jun 09 03:01:50 kali sshd[7514]: pam_unix(sshd:auth): check pass; user unknown
Jun 09 03:01:52 kali sshd[7514]: Failed password for invalid user invaliduser from ::1 port 39346 ssh2
Jun 09 03:01:55 kali sshd[7514]: pam_unix(sshd:auth): check pass; user unknown
Jun 09 03:01:57 kali sshd[7514]: Failed password for invalid user invaliduser from ::1 port 39346 ssh2
Jun 09 03:01:59 kali sshd[7514]: Connection closed by invalid user invaliduser ::1 port 39346 [preauth]
Jun 09 03:01:59 kali sshd[7514]: PAM 2 more authentication failures; logname= uid=0 euid=0 tty=ssh ruser= rhost=::1
Jun 09 03:01:59 kali sshd[7534]: Invalid user invaliduser from ::1 port 38346
Jun 09 03:02:01 kali sshd[7534]: pam_unix(sshd:auth): check pass; user unknown
Jun 09 03:02:01 kali sshd[7534]: pam_unix(sshd:auth): authentication failure; logname= uid=0 euid=0 tty=ssh ruser= rhost=::1
Jun 09 03:02:04 kali sshd[7534]: Failed password for invalid user invaliduser from ::1 port 38346 ssh2
Jun 09 03:02:08 kali sshd[7534]: pam_unix(sshd:auth): check pass; user unknown
Jun 09 03:02:10 kali sshd[7534]: Failed password for invalid user invaliduser from ::1 port 38346 ssh2
Jun 09 03:02:19 kali sshd[7534]: pam_unix(sshd:auth): check pass; user unknown
Jun 09 03:02:20 kali sshd[7534]: Failed password for invalid user invaliduser from ::1 port 38346 ssh2
Jun 09 03:02:21 kali sshd[7534]: Connection closed by invalid user invaliduser ::1 port 38346 [preauth]
Jun 09 03:02:21 kali sshd[7534]: PAM 2 more authentication failures; logname= uid=0 euid=0 tty=ssh ruser= rhost=::1
Jun 09 03:02:21 kali sshd[7578]: Invalid user invaliduser from ::1 port 54830
Jun 09 03:02:23 kali sshd[7578]: pam_unix(sshd:auth): check pass; user unknown
Jun 09 03:02:23 kali sshd[7578]: pam_unix(sshd:auth): authentication failure; logname= uid=0 euid=0 tty=ssh ruser= rhost=::1
Jun 09 03:02:25 kali sshd[7578]: Failed password for invalid user invaliduser from ::1 port 54830 ssh2
Jun 09 02:27:53 kali sudo[2599]:   hacker : TTY=pts/0 ; PWD=/home/hacker ; USER=root ; COMMAND=/opt/splunk/bin/splunk restart
Jun 09 02:27:53 kali sudo[2599]: pam_unix(sudo:session): session opened for user root(uid=0) by hacker(uid=1000)
Jun 09 02:28:18 kali sudo[2599]: pam_unix(sudo:session): session closed for user root
Jun 09 02:42:58 kali sudo[4509]:   hacker : TTY=pts/0 ; PWD=/home/hacker ; USER=root ; COMMAND=/usr/bin/systemctl start ssh
Jun 09 02:42:58 kali sudo[4509]: pam_unix(sudo:session): session opened for user root(uid=0) by hacker(uid=1000)
Jun 09 02:42:58 kali sudo[4509]: pam_unix(sudo:session): session closed for user root
Jun 09 02:43:26 kali sudo[4578]:   hacker : TTY=pts/0 ; PWD=/home/hacker ; USER=root ; COMMAND=/usr/bin/systemctl enable ssh
Jun 09 02:43:26 kali sudo[4578]: pam_unix(sudo:session): session opened for user root(uid=0) by hacker(uid=1000)
Jun 09 02:43:27 kali sudo[4578]: pam_unix(sudo:session): session closed for user root
Jun 09 03:04:21 kali sudo[7730]:   hacker : TTY=pts/0 ; PWD=/home/hacker ; USER=root ; COMMAND=/usr/bin/tail -n 50 /var/log/auth.log
Jun 09 03:04:21 kali sudo[7730]: pam_unix(sudo:session): session opened for user root(uid=0) by hacker(uid=1000)
Jun 09 03:04:21 kali sudo[7730]: pam_unix(sudo:session): session closed for user root
Jun 09 03:05:47 kali sudo[7918]:   hacker : TTY=pts/0 ; PWD=/ ; USER=root ; COMMAND=/usr/bin/tail -n 50 /var/log/auth.log
Jun 09 03:05:47 kali sudo[7918]: pam_unix(sudo:session): session opened for user root(uid=0) by hacker(uid=1000)
Jun 09 03:05:47 kali sudo[7918]: pam_unix(sudo:session): session closed for user root
Jun 09 03:08:20 kali sudo[8328]:   hacker : TTY=pts/0 ; PWD=/var/log ; USER=root ; COMMAND=/usr/bin/journalctl -u sshd -n 50
Jun 09 03:08:20 kali sudo[8328]: pam_unix(sudo:session): session opened for user root(uid=0) by hacker(uid=1000)
Jun 09 03:08:20 kali sudo[8328]: pam_unix(sudo:session): session closed for user root
Jun 09 03:14:04 kali sudo[8771]:   hacker : TTY=pts/0 ; PWD=/var/log ; USER=root ; COMMAND=/usr/bin/systemctl status rsyslog
Jun 09 03:14:04 kali sudo[8771]: pam_unix(sudo:session): session opened for user root(uid=0) by hacker(uid=1000)
Jun 09 03:14:04 kali sudo[8771]: pam_unix(sudo:session): session closed for user root
Jun 09 03:20:46 kali sudo[9729]:   hacker : TTY=pts/0 ; PWD=/var/log ; USER=root ; COMMAND=/usr/bin/bash
Jun 09 03:20:46 kali sudo[9729]: pam_unix(sudo:session): session opened for user root(uid=0) by hacker(uid=1000)
Jun 09 03:20:53 kali sudo[9736]:     root : TTY=pts/1 ; PWD=/var/log ; USER=root ; COMMAND=/usr/bin/journalctl _COMM=sshd --since today
Jun 09 03:20:53 kali sudo[9736]: pam_unix(sudo:session): session opened for user root(uid=0) by hacker(uid=0)
Jun 09 03:20:53 kali sudo[9736]: pam_unix(sudo:session): session closed for user root
Jun 09 03:20:53 kali sudo[9739]:     root : TTY=pts/1 ; PWD=/var/log ; USER=root ; COMMAND=/usr/bin/journalctl _COMM=sudo --since today
Jun 09 03:20:53 kali sudo[9739]: pam_unix(sudo:session): session opened for user root(uid=0) by hacker(uid=0)
